org.eclipse.m2e.logback.configuration: The org.eclipse.m2e.logback.configuration bundle was activated before the state location was initialized.  Will retry after the state location is initialized.
org.eclipse.m2e.logback.configuration: Logback config file: /home/vaneet.kumar/Learning_technology/Restful_Webservices_In_SpringBoot/Restful/.metadata/.plugins/org.eclipse.m2e.logback.configuration/logback.1.8.2.20171007-0217.xml
org.eclipse.m2e.logback.configuration: Initializing logback
19:01:06,408 |-INFO in ch.qos.logback.classic.LoggerContext[default] - Could NOT find resource [logback.groovy]
19:01:06,408 |-INFO in ch.qos.logback.classic.LoggerContext[default] - Could NOT find resource [logback-test.xml]
19:01:06,409 |-INFO in ch.qos.logback.classic.LoggerContext[default] - Could NOT find resource [logback.xml]
19:01:06,409 |-INFO in ch.qos.logback.classic.LoggerContext[default] - Setting up default configuration.
19:01:06,446 |-INFO in ch.qos.logback.classic.joran.action.ConfigurationAction - debug attribute not set
19:01:06,448 |-INFO in ReconfigureOnChangeFilter{invocationCounter=0} - Will scan for changes in [[/home/vaneet.kumar/Learning_technology/Restful_Webservices_In_SpringBoot/Restful/.metadata/.plugins/org.eclipse.m2e.logback.configuration/logback.1.8.2.20171007-0217.xml]] every 60 seconds. 
19:01:06,448 |-INFO in ch.qos.logback.classic.joran.action.ConfigurationAction - Adding ReconfigureOnChangeFilter as a turbo filter
19:01:06,450 |-INFO in ch.qos.logback.core.joran.action.AppenderAction - About to instantiate appender of type [ch.qos.logback.core.ConsoleAppender]
19:01:06,450 |-INFO in ch.qos.logback.core.joran.action.AppenderAction - Naming appender as [STDOUT]
19:01:06,500 |-INFO in ch.qos.logback.core.joran.action.AppenderAction - About to instantiate appender of type [ch.qos.logback.core.rolling.RollingFileAppender]
19:01:06,501 |-ERROR in ch.qos.logback.core.joran.action.AppenderAction - Could not create an Appender of type [ch.qos.logback.core.rolling.RollingFileAppender]. ch.qos.logback.core.util.DynamicClassLoadingException: Failed to instantiate type ch.qos.logback.core.rolling.RollingFileAppender
	at ch.qos.logback.core.util.DynamicClassLoadingException: Failed to instantiate type ch.qos.logback.core.rolling.RollingFileAppender
	at 	at ch.qos.logback.core.util.OptionHelper.instantiateByClassNameAndParameter(OptionHelper.java:73)
	at 	at ch.qos.logback.core.util.OptionHelper.instantiateByClassName(OptionHelper.java:48)
	at 	at ch.qos.logback.core.util.OptionHelper.instantiateByClassName(OptionHelper.java:35)
	at 	at ch.qos.logback.core.joran.action.AppenderAction.begin(AppenderAction.java:54)
	at 	at ch.qos.logback.core.joran.spi.Interpreter.callBeginAction(Interpreter.java:275)
	at 	at ch.qos.logback.core.joran.spi.Interpreter.startElement(Interpreter.java:147)
	at 	at ch.qos.logback.core.joran.spi.Interpreter.startElement(Interpreter.java:129)
	at 	at ch.qos.logback.core.joran.spi.EventPlayer.play(EventPlayer.java:50)
	at 	at ch.qos.logback.core.joran.GenericConfigurator.doConfigure(GenericConfigurator.java:149)
	at 	at ch.qos.logback.core.joran.GenericConfigurator.doConfigure(GenericConfigurator.java:135)
	at 	at ch.qos.logback.core.joran.GenericConfigurator.doConfigure(GenericConfigurator.java:99)
	at 	at ch.qos.logback.core.joran.GenericConfigurator.doConfigure(GenericConfigurator.java:49)
	at 	at org.eclipse.m2e.logback.configuration.LogPlugin.loadConfiguration(LogPlugin.java:185)
	at 	at org.eclipse.m2e.logback.configuration.LogPlugin.configureLogback(LogPlugin.java:144)
	at 	at org.eclipse.m2e.logback.configuration.LogPlugin.access$2(LogPlugin.java:107)
	at 	at org.eclipse.m2e.logback.configuration.LogPlugin$1.run(LogPlugin.java:62)
	at 	at java.util.TimerThread.mainLoop(Timer.java:555)
	at 	at java.util.TimerThread.run(Timer.java:505)
Caused by: java.lang.ClassNotFoundException: ch.qos.logback.core.rolling.RollingFileAppender cannot be found by ch.qos.logback.classic_1.1.2.v20160208-0839
	at 	at org.eclipse.osgi.internal.loader.BundleLoader.findClassInternal(BundleLoader.java:484)
	at 	at org.eclipse.osgi.internal.loader.BundleLoader.findClass(BundleLoader.java:395)
	at 	at org.eclipse.osgi.internal.loader.BundleLoader.findClass(BundleLoader.java:387)
	at 	at org.eclipse.osgi.internal.loader.ModuleClassLoader.loadClass(ModuleClassLoader.java:150)
	at 	at java.lang.ClassLoader.loadClass(ClassLoader.java:357)
	at 	at ch.qos.logback.core.util.OptionHelper.instantiateByClassNameAndParameter(OptionHelper.java:60)
	at 	... 17 common frames omitted
19:01:06,516 |-ERROR in ch.qos.logback.core.joran.spi.Interpreter@11:81 - ActionException in Action for tag [appender] ch.qos.logback.core.joran.spi.ActionException: ch.qos.logback.core.util.DynamicClassLoadingException: Failed to instantiate type ch.qos.logback.core.rolling.RollingFileAppender
	at ch.qos.logback.core.joran.spi.ActionException: ch.qos.logback.core.util.DynamicClassLoadingException: Failed to instantiate type ch.qos.logback.core.rolling.RollingFileAppender
	at 	at ch.qos.logback.core.joran.action.AppenderAction.begin(AppenderAction.java:82)
	at 	at ch.qos.logback.core.joran.spi.Interpreter.callBeginAction(Interpreter.java:275)
	at 	at ch.qos.logback.core.joran.spi.Interpreter.startElement(Interpreter.java:147)
	at 	at ch.qos.logback.core.joran.spi.Interpreter.startElement(Interpreter.java:129)
	at 	at ch.qos.logback.core.joran.spi.EventPlayer.play(EventPlayer.java:50)
	at 	at ch.qos.logback.core.joran.GenericConfigurator.doConfigure(GenericConfigurator.java:149)
	at 	at ch.qos.logback.core.joran.GenericConfigurator.doConfigure(GenericConfigurator.java:135)
	at 	at ch.qos.logback.core.joran.GenericConfigurator.doConfigure(GenericConfigurator.java:99)
	at 	at ch.qos.logback.core.joran.GenericConfigurator.doConfigure(GenericConfigurator.java:49)
	at 	at org.eclipse.m2e.logback.configuration.LogPlugin.loadConfiguration(LogPlugin.java:185)
	at 	at org.eclipse.m2e.logback.configuration.LogPlugin.configureLogback(LogPlugin.java:144)
	at 	at org.eclipse.m2e.logback.configuration.LogPlugin.access$2(LogPlugin.java:107)
	at 	at org.eclipse.m2e.logback.configuration.LogPlugin$1.run(LogPlugin.java:62)
	at 	at java.util.TimerThread.mainLoop(Timer.java:555)
	at 	at java.util.TimerThread.run(Timer.java:505)
Caused by: ch.qos.logback.core.util.DynamicClassLoadingException: Failed to instantiate type ch.qos.logback.core.rolling.RollingFileAppender
	at 	at ch.qos.logback.core.util.OptionHelper.instantiateByClassNameAndParameter(OptionHelper.java:73)
	at 	at ch.qos.logback.core.util.OptionHelper.instantiateByClassName(OptionHelper.java:48)
	at 	at ch.qos.logback.core.util.OptionHelper.instantiateByClassName(OptionHelper.java:35)
	at 	at ch.qos.logback.core.joran.action.AppenderAction.begin(AppenderAction.java:54)
	at 	... 14 common frames omitted
Caused by: java.lang.ClassNotFoundException: ch.qos.logback.core.rolling.RollingFileAppender cannot be found by ch.qos.logback.classic_1.1.2.v20160208-0839
	at 	at org.eclipse.osgi.internal.loader.BundleLoader.findClassInternal(BundleLoader.java:484)
	at 	at org.eclipse.osgi.internal.loader.BundleLoader.findClass(BundleLoader.java:395)
	at 	at org.eclipse.osgi.internal.loader.BundleLoader.findClass(BundleLoader.java:387)
	at 	at org.eclipse.osgi.internal.loader.ModuleClassLoader.loadClass(ModuleClassLoader.java:150)
	at 	at java.lang.ClassLoader.loadClass(ClassLoader.java:357)
	at 	at ch.qos.logback.core.util.OptionHelper.instantiateByClassNameAndParameter(OptionHelper.java:60)
	at 	... 17 common frames omitted
19:01:06,516 |-INFO in ch.qos.logback.core.joran.action.AppenderAction - About to instantiate appender of type [org.eclipse.m2e.logback.appender.EclipseLogAppender]
19:01:06,517 |-INFO in ch.qos.logback.core.joran.action.AppenderAction - Naming appender as [EclipseLog]
19:01:06,518 |-INFO in ch.qos.logback.core.joran.action.AppenderAction - About to instantiate appender of type [org.eclipse.m2e.logback.appender.MavenConsoleAppender]
19:01:06,518 |-INFO in ch.qos.logback.core.joran.action.AppenderAction - Naming appender as [MavenConsoleLog]
19:01:06,519 |-INFO in ch.qos.logback.classic.joran.action.RootLoggerAction - Setting level of ROOT logger to INFO
19:01:06,519 |-ERROR in ch.qos.logback.core.joran.action.AppenderRefAction - Could not find an appender named [FILE]. Did you define it below instead of above in the configuration file?
19:01:06,519 |-ERROR in ch.qos.logback.core.joran.action.AppenderRefAction - See http://logback.qos.ch/codes.html#appender_order for more details.
19:01:06,519 |-INFO in ch.qos.logback.core.joran.action.AppenderRefAction - Attaching appender named [STDOUT] to Logger[ROOT]
19:01:06,519 |-INFO in ch.qos.logback.core.joran.action.AppenderRefAction - Attaching appender named [EclipseLog] to Logger[ROOT]
19:01:06,519 |-INFO in ch.qos.logback.core.joran.action.AppenderRefAction - Attaching appender named [MavenConsoleLog] to Logger[ROOT]
19:01:06,519 |-INFO in ch.qos.logback.classic.joran.action.LoggerAction - Setting level of logger [com.ning.http.client] to INFO
19:01:06,519 |-INFO in ch.qos.logback.classic.joran.action.ConfigurationAction - End of configuration.
19:01:06,519 |-INFO in ch.qos.logback.classic.joran.JoranConfigurator@762eb0f4 - Registering current configuration as safe fallback point

java.nio.file.NoSuchFileException: /usr/lib/jvm/java-8-openjdk-amd64/release
	at sun.nio.fs.UnixException.translateToIOException(UnixException.java:86)
	at sun.nio.fs.UnixException.rethrowAsIOException(UnixException.java:102)
	at sun.nio.fs.UnixException.rethrowAsIOException(UnixException.java:107)
	at sun.nio.fs.UnixFileSystemProvider.newByteChannel(UnixFileSystemProvider.java:214)
	at java.nio.file.Files.newByteChannel(Files.java:361)
	at java.nio.file.Files.newByteChannel(Files.java:407)
	at java.nio.file.spi.FileSystemProvider.newInputStream(FileSystemProvider.java:384)
	at java.nio.file.Files.newInputStream(Files.java:152)
	at java.nio.file.Files.newBufferedReader(Files.java:2784)
	at java.nio.file.Files.lines(Files.java:3744)
	at java.nio.file.Files.lines(Files.java:3785)
	at org.eclipse.jdt.internal.launching.StandardVMType.readReleaseVersion(StandardVMType.java:832)
	at org.eclipse.jdt.internal.launching.StandardVMType.getLibraryInfo(StandardVMType.java:214)
	at org.eclipse.jdt.internal.launching.StandardVMType.getVMVersion(StandardVMType.java:256)
	at org.eclipse.jdt.internal.launching.Standard11xVMType.canDetectDefaultSystemLibraries(Standard11xVMType.java:98)
	at org.eclipse.jdt.internal.launching.StandardVMType.getJavaHomeLocation(StandardVMType.java:307)
	at org.eclipse.jdt.internal.launching.StandardVMType.detectInstallLocation(StandardVMType.java:269)
	at org.eclipse.jdt.launching.JavaRuntime.detectEclipseRuntime(JavaRuntime.java:2075)
	at org.eclipse.jdt.launching.JavaRuntime.initializeVMs(JavaRuntime.java:3042)
	at org.eclipse.jdt.launching.JavaRuntime.getDefaultVMId(JavaRuntime.java:552)
	at org.eclipse.jdt.launching.JavaRuntime.getDefaultVMInstall(JavaRuntime.java:497)
	at org.eclipse.jst.server.tomcat.core.internal.TomcatRuntime.getVMInstall(TomcatRuntime.java:67)
	at org.eclipse.jst.server.tomcat.core.internal.TomcatRuntime.validate(TomcatRuntime.java:126)
	at com.vmware.vfabric.ide.eclipse.tcserver.internal.core.TcServerRuntime.validate(TcServerRuntime.java:176)
	at org.eclipse.wst.server.core.internal.Runtime.validate(Runtime.java:64)
	at org.springsource.ide.eclipse.commons.configurator.ServerHandler.createRuntime(ServerHandler.java:287)
	at org.springsource.ide.eclipse.commons.configurator.ServerHandler.createServer(ServerHandler.java:147)
	at org.springsource.ide.eclipse.commons.internal.configurator.server.ConfigurableServerExtension.configure(ConfigurableServerExtension.java:70)
	at org.springsource.ide.eclipse.commons.internal.configurator.ConfiguratorImporter$4.run(ConfiguratorImporter.java:439)
	at org.eclipse.core.internal.jobs.Worker.run(Worker.java:56)
java.nio.file.NoSuchFileException: /usr/lib/jvm/java-8-openjdk-amd64/jre/release
	at sun.nio.fs.UnixException.translateToIOException(UnixException.java:86)
	at sun.nio.fs.UnixException.rethrowAsIOException(UnixException.java:102)
	at sun.nio.fs.UnixException.rethrowAsIOException(UnixException.java:107)
	at sun.nio.fs.UnixFileSystemProvider.newByteChannel(UnixFileSystemProvider.java:214)
	at java.nio.file.Files.newByteChannel(Files.java:361)
	at java.nio.file.Files.newByteChannel(Files.java:407)
	at java.nio.file.spi.FileSystemProvider.newInputStream(FileSystemProvider.java:384)
	at java.nio.file.Files.newInputStream(Files.java:152)
	at java.nio.file.Files.newBufferedReader(Files.java:2784)
	at java.nio.file.Files.lines(Files.java:3744)
	at java.nio.file.Files.lines(Files.java:3785)
	at org.eclipse.jdt.internal.launching.StandardVMType.readReleaseVersion(StandardVMType.java:832)
	at org.eclipse.jdt.internal.launching.StandardVMType.getLibraryInfo(StandardVMType.java:214)
	at org.eclipse.jdt.internal.launching.StandardVMType.getVMVersion(StandardVMType.java:256)
	at org.eclipse.jdt.internal.launching.Standard11xVMType.canDetectDefaultSystemLibraries(Standard11xVMType.java:98)
	at org.eclipse.jdt.internal.launching.StandardVMType.getJavaHomeLocation(StandardVMType.java:315)
	at org.eclipse.jdt.internal.launching.StandardVMType.detectInstallLocation(StandardVMType.java:269)
	at org.eclipse.jdt.launching.JavaRuntime.detectEclipseRuntime(JavaRuntime.java:2075)
	at org.eclipse.jdt.launching.JavaRuntime.initializeVMs(JavaRuntime.java:3042)
	at org.eclipse.jdt.launching.JavaRuntime.getDefaultVMId(JavaRuntime.java:552)
	at org.eclipse.jdt.launching.JavaRuntime.getDefaultVMInstall(JavaRuntime.java:497)
	at org.eclipse.jst.server.tomcat.core.internal.TomcatRuntime.getVMInstall(TomcatRuntime.java:67)
	at org.eclipse.jst.server.tomcat.core.internal.TomcatRuntime.validate(TomcatRuntime.java:126)
	at com.vmware.vfabric.ide.eclipse.tcserver.internal.core.TcServerRuntime.validate(TcServerRuntime.java:176)
	at org.eclipse.wst.server.core.internal.Runtime.validate(Runtime.java:64)
	at org.springsource.ide.eclipse.commons.configurator.ServerHandler.createRuntime(ServerHandler.java:287)
	at org.springsource.ide.eclipse.commons.configurator.ServerHandler.createServer(ServerHandler.java:147)
	at org.springsource.ide.eclipse.commons.internal.configurator.server.ConfigurableServerExtension.configure(ConfigurableServerExtension.java:70)
	at org.springsource.ide.eclipse.commons.internal.configurator.ConfiguratorImporter$4.run(ConfiguratorImporter.java:439)
	at org.eclipse.core.internal.jobs.Worker.run(Worker.java:56)
java.nio.file.NoSuchFileException: /usr/lib/jvm/java-8-openjdk-amd64/release
	at sun.nio.fs.UnixException.translateToIOException(UnixException.java:86)
	at sun.nio.fs.UnixException.rethrowAsIOException(UnixException.java:102)
	at sun.nio.fs.UnixException.rethrowAsIOException(UnixException.java:107)
	at sun.nio.fs.UnixFileSystemProvider.newByteChannel(UnixFileSystemProvider.java:214)
	at java.nio.file.Files.newByteChannel(Files.java:361)
	at java.nio.file.Files.newByteChannel(Files.java:407)
	at java.nio.file.spi.FileSystemProvider.newInputStream(FileSystemProvider.java:384)
	at java.nio.file.Files.newInputStream(Files.java:152)
	at java.nio.file.Files.newBufferedReader(Files.java:2784)
	at java.nio.file.Files.lines(Files.java:3744)
	at java.nio.file.Files.lines(Files.java:3785)
	at org.eclipse.jdt.internal.launching.StandardVMType.readReleaseVersion(StandardVMType.java:832)
	at org.eclipse.jdt.internal.launching.StandardVMType.getLibraryInfo(StandardVMType.java:214)
	at org.eclipse.jdt.internal.launching.StandardVMType.getDefaultLibraryLocations(StandardVMType.java:432)
	at org.eclipse.jdt.internal.launching.StandardVMType.canDetectDefaultSystemLibraries(StandardVMType.java:242)
	at org.eclipse.jdt.internal.launching.StandardVMType.getJavaHomeLocation(StandardVMType.java:307)
	at org.eclipse.jdt.internal.launching.StandardVMType.detectInstallLocation(StandardVMType.java:269)
	at org.eclipse.jdt.launching.JavaRuntime.detectEclipseRuntime(JavaRuntime.java:2075)
	at org.eclipse.jdt.launching.JavaRuntime.initializeVMs(JavaRuntime.java:3042)
	at org.eclipse.jdt.launching.JavaRuntime.getDefaultVMId(JavaRuntime.java:552)
	at org.eclipse.jdt.launching.JavaRuntime.getDefaultVMInstall(JavaRuntime.java:497)
	at org.eclipse.jst.server.tomcat.core.internal.TomcatRuntime.getVMInstall(TomcatRuntime.java:67)
	at org.eclipse.jst.server.tomcat.core.internal.TomcatRuntime.validate(TomcatRuntime.java:126)
	at com.vmware.vfabric.ide.eclipse.tcserver.internal.core.TcServerRuntime.validate(TcServerRuntime.java:176)
	at org.eclipse.wst.server.core.internal.Runtime.validate(Runtime.java:64)
	at org.springsource.ide.eclipse.commons.configurator.ServerHandler.createRuntime(ServerHandler.java:287)
	at org.springsource.ide.eclipse.commons.configurator.ServerHandler.createServer(ServerHandler.java:147)
	at org.springsource.ide.eclipse.commons.internal.configurator.server.ConfigurableServerExtension.configure(ConfigurableServerExtension.java:70)
	at org.springsource.ide.eclipse.commons.internal.configurator.ConfiguratorImporter$4.run(ConfiguratorImporter.java:439)
	at org.eclipse.core.internal.jobs.Worker.run(Worker.java:56)
log4j:WARN No appenders could be found for logger (org.springsource.ide.eclipse.commons.core.templates.TemplateProcessor).
log4j:WARN Please initialize the log4j system properly.
oldUrl: null
newUrl: file:///home/vaneet.kumar/Learning_technology/Restful_Webservices_In_SpringBoot/Restful/.metadata/.plugins/org.springsource.ide.eclipse.commons.gettingstarted/dashboard/1531143082465/index.html
oldUrl: file:///home/vaneet.kumar/Learning_technology/Restful_Webservices_In_SpringBoot/Restful/.metadata/.plugins/org.springsource.ide.eclipse.commons.gettingstarted/dashboard/1531143082465/index.html
newUrl: file:///home/vaneet.kumar/Learning_technology/Restful_Webservices_In_SpringBoot/Restful/.metadata/.plugins/org.springsource.ide.eclipse.commons.gettingstarted/dashboard/1531143082465/index.html
*** BUG ***
In pixman_region32_init_rect: Invalid rectangle passed
Set a breakpoint on '_pixman_log_error' to debug

*** BUG ***
In pixman_region32_init_rect: Invalid rectangle passed
Set a breakpoint on '_pixman_log_error' to debug

*** BUG ***
In pixman_region32_init_rect: Invalid rectangle passed
Set a breakpoint on '_pixman_log_error' to debug

1   0x7f249949ac87 /usr/lib/x86_64-linux-gnu/libjavascriptcoregtk-4.0.so.18(WTFCrash+0x17) [0x7f249949ac87]
2   0x7f2499df12d1 /usr/lib/x86_64-linux-gnu/libwebkit2gtk-4.0.so.37(+0x69e2d1) [0x7f2499df12d1]
3   0x7f2499e3590a /usr/lib/x86_64-linux-gnu/libwebkit2gtk-4.0.so.37(+0x6e290a) [0x7f2499e3590a]
4   0x7f2499e35989 /usr/lib/x86_64-linux-gnu/libwebkit2gtk-4.0.so.37(+0x6e2989) [0x7f2499e35989]
5   0x7f249a097d36 /usr/lib/x86_64-linux-gnu/libwebkit2gtk-4.0.so.37(+0x944d36) [0x7f249a097d36]
6   0x7f252a4ead9a /usr/lib/x86_64-linux-gnu/libgobject-2.0.so.0(g_object_unref+0x19a) [0x7f252a4ead9a]
7   0x7f254f9ffff8 /lib/x86_64-linux-gnu/libc.so.6(+0x39ff8) [0x7f254f9ffff8]
8   0x7f254fa00045 /lib/x86_64-linux-gnu/libc.so.6(+0x3a045) [0x7f254fa00045]
9   0x7f254eaa5e8c /usr/lib/jvm/java-8-openjdk-amd64/jre/lib/amd64/server/libjvm.so(+0x65fe8c) [0x7f254eaa5e8c]
10  0x7f254eebaa07 /usr/lib/jvm/java-8-openjdk-amd64/jre/lib/amd64/server/libjvm.so(+0xa74a07) [0x7f254eebaa07]
11  0x7f254eeb8107 /usr/lib/jvm/java-8-openjdk-amd64/jre/lib/amd64/server/libjvm.so(+0xa72107) [0x7f254eeb8107]
12  0x7f254eeb958f /usr/lib/jvm/java-8-openjdk-amd64/jre/lib/amd64/server/libjvm.so(+0xa7358f) [0x7f254eeb958f]
13  0x7f254eeb9a81 /usr/lib/jvm/java-8-openjdk-amd64/jre/lib/amd64/server/libjvm.so(+0xa73a81) [0x7f254eeb9a81]
14  0x7f254ecfdc22 /usr/lib/jvm/java-8-openjdk-amd64/jre/lib/amd64/server/libjvm.so(+0x8b7c22) [0x7f254ecfdc22]
15  0x7f254f3926ba /lib/x86_64-linux-gnu/libpthread.so.0(+0x76ba) [0x7f254f3926ba]
16  0x7f254facd41d /lib/x86_64-linux-gnu/libc.so.6(clone+0x6d) [0x7f254facd41d]
#
# A fatal error has been detected by the Java Runtime Environment:
#
#  SIGILL (0x4) at pc=0x00007f249949ac92, pid=17531, tid=0x00007f2530471700
#
# JRE version: OpenJDK Runtime Environment (8.0_171-b11) (build 1.8.0_171-8u171-b11-0ubuntu0.16.04.1-b11)
# Java VM: OpenJDK 64-Bit Server VM (25.171-b11 mixed mode linux-amd64 compressed oops)
# Problematic frame:
# C  [libjavascriptcoregtk-4.0.so.18+0xdd8c92]  WTFCrash+0x22
#
# Failed to write core dump. Core dumps have been disabled. To enable core dumping, try "ulimit -c unlimited" before starting Java again
#
# An error report file with more information is saved as:
# /home/vaneet.kumar/Learning_technology/Restful_Webservices_In_SpringBoot/hs_err_pid17531.log
#
# If you would like to submit a bug report, please visit:
#   http://bugreport.java.com/bugreport/crash.jsp
#
org.eclipse.m2e.logback.configuration: The org.eclipse.m2e.logback.configuration bundle was activated before the state location was initialized.  Will retry after the state location is initialized.
